[debug] [2022-11-28T16:28:35.369Z] ----------------------------------------------------------------------
[debug] [2022-11-28T16:28:35.371Z] Command:       C:\Program Files\nodejs\node.exe C:\Users\ARSHAD\AppData\Roaming\npm\node_modules\firebase-tools\lib\bin\firebase.js deploy
[debug] [2022-11-28T16:28:35.372Z] CLI Version:   11.16.0
[debug] [2022-11-28T16:28:35.372Z] Platform:      win32
[debug] [2022-11-28T16:28:35.372Z] Node Version:  v16.15.1
[debug] [2022-11-28T16:28:35.378Z] Time:          Mon Nov 28 2022 22:28:35 GMT+0600 (East Kazakhstan Time)
[debug] [2022-11-28T16:28:35.378Z] ----------------------------------------------------------------------
[debug] 
[debug] [2022-11-28T16:28:35.454Z] > command requires scopes: ["email","openid","https://www.googleapis.com/auth/cloudplatformprojects.readonly","https://www.googleapis.com/auth/firebase","https://www.googleapis.com/auth/cloud-platform"]
[debug] [2022-11-28T16:28:35.454Z] > authorizing via signed-in user (mdarshadullah835@gmail.com)
[debug] [2022-11-28T16:28:35.454Z] [iam] checking project resale-bike-10a96 for permissions ["firebase.projects.get","firebasehosting.sites.update"]
[debug] [2022-11-28T16:28:35.457Z] >>> [apiv2][query] POST https://cloudresourcemanager.googleapis.com/v1/projects/resale-bike-10a96:testIamPermissions [none]
[debug] [2022-11-28T16:28:35.457Z] >>> [apiv2][(partial)header] POST https://cloudresourcemanager.googleapis.com/v1/projects/resale-bike-10a96:testIamPermissions x-goog-quota-user=projects/resale-bike-10a96
[debug] [2022-11-28T16:28:35.457Z] >>> [apiv2][body] POST https://cloudresourcemanager.googleapis.com/v1/projects/resale-bike-10a96:testIamPermissions {"permissions":["firebase.projects.get","firebasehosting.sites.update"]}
[debug] [2022-11-28T16:28:36.912Z] <<< [apiv2][status] POST https://cloudresourcemanager.googleapis.com/v1/projects/resale-bike-10a96:testIamPermissions 200
[debug] [2022-11-28T16:28:36.912Z] <<< [apiv2][body] POST https://cloudresourcemanager.googleapis.com/v1/projects/resale-bike-10a96:testIamPermissions {"permissions":["firebase.projects.get","firebasehosting.sites.update"]}
[debug] [2022-11-28T16:28:36.914Z] >>> [apiv2][query] GET https://firebase.googleapis.com/v1beta1/projects/resale-bike-10a96 [none]
[debug] [2022-11-28T16:28:41.361Z] <<< [apiv2][status] GET https://firebase.googleapis.com/v1beta1/projects/resale-bike-10a96 200
[debug] [2022-11-28T16:28:41.362Z] <<< [apiv2][body] GET https://firebase.googleapis.com/v1beta1/projects/resale-bike-10a96 {"projectId":"resale-bike-10a96","projectNumber":"331288633744","displayName":"Resale-Bike","name":"projects/resale-bike-10a96","resources":{"hostingSite":"resale-bike-10a96"},"state":"ACTIVE","etag":"1_d9c6ff8f-5cca-448f-9681-257b2b2d2a06"}
[info] 
[info] === Deploying to 'resale-bike-10a96'...
[info] 
[info] i  deploying hosting 
[debug] [2022-11-28T16:28:41.381Z] >>> [apiv2][query] POST https://firebasehosting.googleapis.com/v1beta1/projects/-/sites/resale-bike-10a96/versions [none]
[debug] [2022-11-28T16:28:41.381Z] >>> [apiv2][body] POST https://firebasehosting.googleapis.com/v1beta1/projects/-/sites/resale-bike-10a96/versions {"status":"CREATED","labels":{"deployment-tool":"cli-firebase"}}
[debug] [2022-11-28T16:28:42.974Z] <<< [apiv2][status] POST https://firebasehosting.googleapis.com/v1beta1/projects/-/sites/resale-bike-10a96/versions 200
[debug] [2022-11-28T16:28:42.975Z] <<< [apiv2][body] POST https://firebasehosting.googleapis.com/v1beta1/projects/-/sites/resale-bike-10a96/versions {"name":"projects/331288633744/sites/resale-bike-10a96/versions/baca8ef46a742258","status":"CREATED","config":{},"labels":{"deployment-tool":"cli-firebase"}}
[info] i  hosting[resale-bike-10a96]: beginning deploy... 
[info] i  hosting[resale-bike-10a96]: found 21 files in build 
[debug] [2022-11-28T16:28:58.812Z] [hosting] uploading with 200 concurrency
[debug] [2022-11-28T16:28:59.373Z] [hosting] hash cache [YnVpbGQ] stored for 21 files
[debug] [2022-11-28T16:28:59.374Z] [hosting][hash queue][FINAL] {"max":531,"min":5,"avg":42.19047619047619,"active":0,"complete":21,"success":21,"errored":0,"retried":0,"total":21,"elapsed":554}
[debug] [2022-11-28T16:28:59.376Z] >>> [apiv2][query] POST https://firebasehosting.googleapis.com/v1beta1/projects/331288633744/sites/resale-bike-10a96/versions/baca8ef46a742258:populateFiles [none]
[debug] [2022-11-28T16:28:59.376Z] >>> [apiv2][body] POST https://firebasehosting.googleapis.com/v1beta1/projects/331288633744/sites/resale-bike-10a96/versions/baca8ef46a742258:populateFiles {"files":{"/favicon.ico":"eae62e993eb980ec8a25058c39d5a51feab118bd2100c4deebb2a9c158ec11f9","/logo192.png":"3ee59515172ee198f3be375979df15ac5345183e656720a381b8872b2a39dc8b","/logo512.png":"ee7e2f3fdb8209c4b6fd7bef6ba50d1b9dba30a25bb5c3126df057e1cb6f5331","/manifest.json":"aff3449bdc238776f5d6d967f19ec491b36aed5fb7f23ccff6500736fd58494a","/robots.txt":"bfe106a3fb878dc83461c86818bf74fc1bdc7f28538ba613cd3e775516ce8b49","/asset-manifest.json":"804acd8b537f3daeaf05ca7a5c0722554ded1bd7af1fe7b0f74314bbb88240df","/index.html":"5ad5d56f9bf77959d0798c5b4e1b83be7d5a96cf35fb1aa7bdf6c8f8cb89b3e9","/static/js/787.398d8fa1.chunk.js":"9509e9e103ce6e03d7f5c74efce723974b8545a46a81c03401a5356356927349","/static/js/main.b1f67513.js.LICENSE.txt":"f621b4e7f4e61953028a8d52b85cfaaac237bfffcb40034341de36786ecc3b16","/static/js/787.398d8fa1.chunk.js.map":"c0b07cedac7881bc6e662e19840e6f4a95449097f7e47247cb6dbf59dbe246a5","/static/media/logo.6ce24c58023cc2f8fd88fe9d219db6c6.svg":"ac1a3d8899432561573d6a5cf56459437c09b902599a1deb91c0f8d4bb40459d","/static/css/main.113f95e9.css.map":"011c8389aaa24c1818361eda8dec46d206559422cc1e48f62eb9167e1ac315d1","/static/media/error.5b6b439ed23f2386ef90.jpg":"4565bed2c41126c65af7bea70b8081e3067c1b27919473a94181a4090c1d2ab9","/static/css/main.113f95e9.css":"dc255bcdf45c5188b04c756778b56aee386da36777cd97cf5778d91fb47012dd","/static/media/images2.024b23580ffa8b23f112.jpg":"8ca6e22b95c50e8402250add4717b0b65de5605d88c459f0fe022104376112d4","/static/media/images.40a5e8d39189824d4dba.jpg":"f06a1a7a824f841f82dc948bbeb6a7e0b18c22ec0da195ce0125d4dc4ec28870","/static/media/images3.8e56d7dd0d4c185e5aed.jpg":"4b1937c689d32960c38ca7643b9e9afbd36d1166320dc06993564bc179d52d29","/static/media/img.ce821754d3f82e1a0b9e.jpg":"cabbea046659158c61e8b68e77eeafe10b46fad1b95043bb7d0c1190d8483a07","/static/media/img.fbdaae386ab1599527e7.png":"20deae5b61e2d246bde8ba090a30ed1a161687853c332c0355a6900ca649fc7e","/static/js/main.b1f67513.js":"755d14acae84c3e542149ce25a3d27161e6bdd371154154c6b86c5c75b6a798b","/static/js/main.b1f67513.js.map":"8b71935ff15ccfcdc40d5253129c014225df126618f7436bf722327dc9436008"}}
[debug] [2022-11-28T16:29:00.381Z] <<< [apiv2][status] POST https://firebasehosting.googleapis.com/v1beta1/projects/331288633744/sites/resale-bike-10a96/versions/baca8ef46a742258:populateFiles 200
[debug] [2022-11-28T16:29:00.381Z] <<< [apiv2][body] POST https://firebasehosting.googleapis.com/v1beta1/projects/331288633744/sites/resale-bike-10a96/versions/baca8ef46a742258:populateFiles {"uploadRequiredHashes":["755d14acae84c3e542149ce25a3d27161e6bdd371154154c6b86c5c75b6a798b","804acd8b537f3daeaf05ca7a5c0722554ded1bd7af1fe7b0f74314bbb88240df","8b71935ff15ccfcdc40d5253129c014225df126618f7436bf722327dc9436008","5ad5d56f9bf77959d0798c5b4e1b83be7d5a96cf35fb1aa7bdf6c8f8cb89b3e9"],"uploadUrl":"https://upload-firebasehosting.googleapis.com/upload/sites/resale-bike-10a96/versions/baca8ef46a742258/files"}
[debug] [2022-11-28T16:29:00.382Z] >>> [apiv2][query] POST https://upload-firebasehosting.googleapis.com/upload/sites/resale-bike-10a96/versions/baca8ef46a742258/files/755d14acae84c3e542149ce25a3d27161e6bdd371154154c6b86c5c75b6a798b [none]
[debug] [2022-11-28T16:29:00.382Z] >>> [apiv2][body] POST https://upload-firebasehosting.googleapis.com/upload/sites/resale-bike-10a96/versions/baca8ef46a742258/files/755d14acae84c3e542149ce25a3d27161e6bdd371154154c6b86c5c75b6a798b [stream]
[debug] [2022-11-28T16:29:00.385Z] >>> [apiv2][query] POST https://upload-firebasehosting.googleapis.com/upload/sites/resale-bike-10a96/versions/baca8ef46a742258/files/804acd8b537f3daeaf05ca7a5c0722554ded1bd7af1fe7b0f74314bbb88240df [none]
[debug] [2022-11-28T16:29:00.385Z] >>> [apiv2][body] POST https://upload-firebasehosting.googleapis.com/upload/sites/resale-bike-10a96/versions/baca8ef46a742258/files/804acd8b537f3daeaf05ca7a5c0722554ded1bd7af1fe7b0f74314bbb88240df [stream]
[debug] [2022-11-28T16:29:00.388Z] >>> [apiv2][query] POST https://upload-firebasehosting.googleapis.com/upload/sites/resale-bike-10a96/versions/baca8ef46a742258/files/8b71935ff15ccfcdc40d5253129c014225df126618f7436bf722327dc9436008 [none]
[debug] [2022-11-28T16:29:00.388Z] >>> [apiv2][body] POST https://upload-firebasehosting.googleapis.com/upload/sites/resale-bike-10a96/versions/baca8ef46a742258/files/8b71935ff15ccfcdc40d5253129c014225df126618f7436bf722327dc9436008 [stream]
[debug] [2022-11-28T16:29:00.390Z] >>> [apiv2][query] POST https://upload-firebasehosting.googleapis.com/upload/sites/resale-bike-10a96/versions/baca8ef46a742258/files/5ad5d56f9bf77959d0798c5b4e1b83be7d5a96cf35fb1aa7bdf6c8f8cb89b3e9 [none]
[debug] [2022-11-28T16:29:00.390Z] >>> [apiv2][body] POST https://upload-firebasehosting.googleapis.com/upload/sites/resale-bike-10a96/versions/baca8ef46a742258/files/5ad5d56f9bf77959d0798c5b4e1b83be7d5a96cf35fb1aa7bdf6c8f8cb89b3e9 [stream]
[debug] [2022-11-28T16:29:00.392Z] [hosting][populate queue][FINAL] {"max":1019,"min":1019,"avg":1019,"active":0,"complete":1,"success":1,"errored":0,"retried":0,"total":1,"elapsed":1029}
[debug] [2022-11-28T16:29:00.392Z] [hosting] uploads queued: 4
[debug] [2022-11-28T16:29:21.873Z] [uploadQueue] Retrying task 8b71935ff15ccfcdc40d5253129c014225df126618f7436bf722327dc9436008
[debug] [2022-11-28T16:29:21.875Z] >>> [apiv2][query] POST https://upload-firebasehosting.googleapis.com/upload/sites/resale-bike-10a96/versions/baca8ef46a742258/files/8b71935ff15ccfcdc40d5253129c014225df126618f7436bf722327dc9436008 [none]
[debug] [2022-11-28T16:29:21.875Z] >>> [apiv2][body] POST https://upload-firebasehosting.googleapis.com/upload/sites/resale-bike-10a96/versions/baca8ef46a742258/files/8b71935ff15ccfcdc40d5253129c014225df126618f7436bf722327dc9436008 [stream]
[debug] [2022-11-28T16:29:21.877Z] [uploadQueue] Retrying task 5ad5d56f9bf77959d0798c5b4e1b83be7d5a96cf35fb1aa7bdf6c8f8cb89b3e9
[debug] [2022-11-28T16:29:21.878Z] >>> [apiv2][query] POST https://upload-firebasehosting.googleapis.com/upload/sites/resale-bike-10a96/versions/baca8ef46a742258/files/5ad5d56f9bf77959d0798c5b4e1b83be7d5a96cf35fb1aa7bdf6c8f8cb89b3e9 [none]
[debug] [2022-11-28T16:29:21.878Z] >>> [apiv2][body] POST https://upload-firebasehosting.googleapis.com/upload/sites/resale-bike-10a96/versions/baca8ef46a742258/files/5ad5d56f9bf77959d0798c5b4e1b83be7d5a96cf35fb1aa7bdf6c8f8cb89b3e9 [stream]
[debug] [2022-11-28T16:29:21.881Z] [uploadQueue] Retrying task 804acd8b537f3daeaf05ca7a5c0722554ded1bd7af1fe7b0f74314bbb88240df
[debug] [2022-11-28T16:29:21.882Z] >>> [apiv2][query] POST https://upload-firebasehosting.googleapis.com/upload/sites/resale-bike-10a96/versions/baca8ef46a742258/files/804acd8b537f3daeaf05ca7a5c0722554ded1bd7af1fe7b0f74314bbb88240df [none]
[debug] [2022-11-28T16:29:21.883Z] >>> [apiv2][body] POST https://upload-firebasehosting.googleapis.com/upload/sites/resale-bike-10a96/versions/baca8ef46a742258/files/804acd8b537f3daeaf05ca7a5c0722554ded1bd7af1fe7b0f74314bbb88240df [stream]
[debug] [2022-11-28T16:29:21.887Z] [uploadQueue] Retrying task 755d14acae84c3e542149ce25a3d27161e6bdd371154154c6b86c5c75b6a798b
[debug] [2022-11-28T16:29:21.888Z] >>> [apiv2][query] POST https://upload-firebasehosting.googleapis.com/upload/sites/resale-bike-10a96/versions/baca8ef46a742258/files/755d14acae84c3e542149ce25a3d27161e6bdd371154154c6b86c5c75b6a798b [none]
[debug] [2022-11-28T16:29:21.888Z] >>> [apiv2][body] POST https://upload-firebasehosting.googleapis.com/upload/sites/resale-bike-10a96/versions/baca8ef46a742258/files/755d14acae84c3e542149ce25a3d27161e6bdd371154154c6b86c5c75b6a798b [stream]
[debug] [2022-11-28T16:29:25.047Z] <<< [apiv2][status] POST https://upload-firebasehosting.googleapis.com/upload/sites/resale-bike-10a96/versions/baca8ef46a742258/files/804acd8b537f3daeaf05ca7a5c0722554ded1bd7af1fe7b0f74314bbb88240df 200
[debug] [2022-11-28T16:29:25.047Z] <<< [apiv2][body] POST https://upload-firebasehosting.googleapis.com/upload/sites/resale-bike-10a96/versions/baca8ef46a742258/files/804acd8b537f3daeaf05ca7a5c0722554ded1bd7af1fe7b0f74314bbb88240df [stream]
[debug] [2022-11-28T16:29:25.052Z] <<< [apiv2][status] POST https://upload-firebasehosting.googleapis.com/upload/sites/resale-bike-10a96/versions/baca8ef46a742258/files/5ad5d56f9bf77959d0798c5b4e1b83be7d5a96cf35fb1aa7bdf6c8f8cb89b3e9 200
[debug] [2022-11-28T16:29:25.052Z] <<< [apiv2][body] POST https://upload-firebasehosting.googleapis.com/upload/sites/resale-bike-10a96/versions/baca8ef46a742258/files/5ad5d56f9bf77959d0798c5b4e1b83be7d5a96cf35fb1aa7bdf6c8f8cb89b3e9 [stream]
[debug] [2022-11-28T16:29:26.827Z] <<< [apiv2][status] POST https://upload-firebasehosting.googleapis.com/upload/sites/resale-bike-10a96/versions/baca8ef46a742258/files/755d14acae84c3e542149ce25a3d27161e6bdd371154154c6b86c5c75b6a798b 200
[debug] [2022-11-28T16:29:26.827Z] <<< [apiv2][body] POST https://upload-firebasehosting.googleapis.com/upload/sites/resale-bike-10a96/versions/baca8ef46a742258/files/755d14acae84c3e542149ce25a3d27161e6bdd371154154c6b86c5c75b6a798b [stream]
[debug] [2022-11-28T16:29:29.419Z] <<< [apiv2][status] POST https://upload-firebasehosting.googleapis.com/upload/sites/resale-bike-10a96/versions/baca8ef46a742258/files/8b71935ff15ccfcdc40d5253129c014225df126618f7436bf722327dc9436008 200
[debug] [2022-11-28T16:29:29.420Z] <<< [apiv2][body] POST https://upload-firebasehosting.googleapis.com/upload/sites/resale-bike-10a96/versions/baca8ef46a742258/files/8b71935ff15ccfcdc40d5253129c014225df126618f7436bf722327dc9436008 [stream]
[debug] [2022-11-28T16:29:29.420Z] [hosting][upload queue][FINAL] {"max":7546,"min":3165,"avg":4706.5,"active":0,"complete":4,"success":4,"errored":0,"retried":4,"total":4,"elapsed":29039}
[info] +  hosting[resale-bike-10a96]: file upload complete 
[debug] [2022-11-28T16:29:29.421Z] [hosting] deploy completed after 30629ms
[debug] [2022-11-28T16:29:29.423Z] [
  {
    "config": {
      "public": "build",
      "ignore": [
        "firebase.json",
        "**/.*",
        "**/node_modules/**"
      ],
      "rewrites": [
        {
          "source": "**",
          "destination": "/index.html"
        }
      ],
      "site": "resale-bike-10a96"
    },
    "version": "projects/331288633744/sites/resale-bike-10a96/versions/baca8ef46a742258"
  }
]
[info] i  hosting[resale-bike-10a96]: finalizing version... 
[debug] [2022-11-28T16:29:29.426Z] >>> [apiv2][query] PATCH https://firebasehosting.googleapis.com/v1beta1/projects/-/sites/resale-bike-10a96/versions/baca8ef46a742258 updateMask=status%2Cconfig
[debug] [2022-11-28T16:29:29.427Z] >>> [apiv2][body] PATCH https://firebasehosting.googleapis.com/v1beta1/projects/-/sites/resale-bike-10a96/versions/baca8ef46a742258 {"status":"FINALIZED","config":{"rewrites":[{"glob":"**","path":"/index.html"}]}}
[debug] [2022-11-28T16:29:30.581Z] <<< [apiv2][status] PATCH https://firebasehosting.googleapis.com/v1beta1/projects/-/sites/resale-bike-10a96/versions/baca8ef46a742258 200
[debug] [2022-11-28T16:29:30.582Z] <<< [apiv2][body] PATCH https://firebasehosting.googleapis.com/v1beta1/projects/-/sites/resale-bike-10a96/versions/baca8ef46a742258 {"name":"projects/331288633744/sites/resale-bike-10a96/versions/baca8ef46a742258","status":"FINALIZED","config":{"rewrites":[{"glob":"**","path":"/index.html"}]},"labels":{"deployment-tool":"cli-firebase"},"createTime":"2022-11-28T16:28:42.681885Z","createUser":{"email":"mdarshadullah835@gmail.com"},"finalizeTime":"2022-11-28T16:29:30.801787Z","finalizeUser":{"email":"mdarshadullah835@gmail.com"}}
[debug] [2022-11-28T16:29:30.582Z] [hosting] finalized version for resale-bike-10a96:[object Object]
[info] +  hosting[resale-bike-10a96]: version finalized 
[info] i  hosting[resale-bike-10a96]: releasing new version... 
[debug] [2022-11-28T16:29:30.584Z] >>> [apiv2][query] POST https://firebasehosting.googleapis.com/v1beta1/projects/-/sites/resale-bike-10a96/channels/live/releases versionName=projects%2F331288633744%2Fsites%2Fresale-bike-10a96%2Fversions%2Fbaca8ef46a742258
[debug] [2022-11-28T16:29:30.584Z] >>> [apiv2][body] POST https://firebasehosting.googleapis.com/v1beta1/projects/-/sites/resale-bike-10a96/channels/live/releases {}
[debug] [2022-11-28T16:29:31.734Z] <<< [apiv2][status] POST https://firebasehosting.googleapis.com/v1beta1/projects/-/sites/resale-bike-10a96/channels/live/releases 200
[debug] [2022-11-28T16:29:31.734Z] <<< [apiv2][body] POST https://firebasehosting.googleapis.com/v1beta1/projects/-/sites/resale-bike-10a96/channels/live/releases {"name":"projects/331288633744/sites/resale-bike-10a96/channels/live/releases/1669652971245666","version":{"name":"projects/331288633744/sites/resale-bike-10a96/versions/baca8ef46a742258","status":"FINALIZED","config":{"rewrites":[{"glob":"**","path":"/index.html"}]},"labels":{"deployment-tool":"cli-firebase"},"createTime":"2022-11-28T16:28:42.681885Z","createUser":{"email":"mdarshadullah835@gmail.com","imageUrl":"https://lh3.googleusercontent.com/a/ALm5wu2_GoRYHepH_OPoGQRF8kFQ_3DF0QGQAUwea8ADmA"},"finalizeTime":"2022-11-28T16:29:30.801787Z","finalizeUser":{"email":"mdarshadullah835@gmail.com","imageUrl":"https://lh3.googleusercontent.com/a/ALm5wu2_GoRYHepH_OPoGQRF8kFQ_3DF0QGQAUwea8ADmA"}},"type":"DEPLOY","releaseTime":"2022-11-28T16:29:31.245666550Z","releaseUser":{"email":"mdarshadullah835@gmail.com","imageUrl":"https://lh3.googleusercontent.com/a/ALm5wu2_GoRYHepH_OPoGQRF8kFQ_3DF0QGQAUwea8ADmA"}}
[debug] [2022-11-28T16:29:31.734Z] [hosting] release: {"name":"projects/331288633744/sites/resale-bike-10a96/channels/live/releases/1669652971245666","version":{"name":"projects/331288633744/sites/resale-bike-10a96/versions/baca8ef46a742258","status":"FINALIZED","config":{"rewrites":[{"glob":"**","path":"/index.html"}]},"labels":{"deployment-tool":"cli-firebase"},"createTime":"2022-11-28T16:28:42.681885Z","createUser":{"email":"mdarshadullah835@gmail.com","imageUrl":"https://lh3.googleusercontent.com/a/ALm5wu2_GoRYHepH_OPoGQRF8kFQ_3DF0QGQAUwea8ADmA"},"finalizeTime":"2022-11-28T16:29:30.801787Z","finalizeUser":{"email":"mdarshadullah835@gmail.com","imageUrl":"https://lh3.googleusercontent.com/a/ALm5wu2_GoRYHepH_OPoGQRF8kFQ_3DF0QGQAUwea8ADmA"}},"type":"DEPLOY","releaseTime":"2022-11-28T16:29:31.245666550Z","releaseUser":{"email":"mdarshadullah835@gmail.com","imageUrl":"https://lh3.googleusercontent.com/a/ALm5wu2_GoRYHepH_OPoGQRF8kFQ_3DF0QGQAUwea8ADmA"}}
[info] +  hosting[resale-bike-10a96]: release complete 
[info] 
[info] +  Deploy complete! 
[info] 
[info] Project Console: https://console.firebase.google.com/project/resale-bike-10a96/overview
[info] Hosting URL: https://resale-bike-10a96.web.app
[debug] [2022-11-28T16:29:43.562Z] Error: Timed out.
    at Timeout._onTimeout (C:\Users\ARSHAD\AppData\Roaming\npm\node_modules\firebase-tools\lib\utils.js:253:49)
    at listOnTimeout (node:internal/timers:559:17)
    at processTimers (node:internal/timers:502:7)
[error] 
[error] Error: An unexpected error has occurred.
